  Damagochi2.c
C:\Users\song\source\repos\C_Study\C_Study\Damagochi2.c(59,13): warning C4047: '=': 'int *'의 간접 참조 수준이 'int'과(와) 다릅니다.
C:\Users\song\source\repos\C_Study\C_Study\Damagochi2.c(296,1): error C4700: 초기화되지 않은 'mana' 지역 변수를 사용했습니다.
C:\Users\song\source\repos\C_Study\C_Study\Damagochi2.c(407,1): error C4700: 초기화되지 않은 'rewardgold' 지역 변수를 사용했습니다.
C:\Users\song\source\repos\C_Study\C_Study\Damagochi2.c(181,1): error C4700: 초기화되지 않은 'mana' 지역 변수를 사용했습니다.
C:\Users\song\source\repos\C_Study\C_Study\Damagochi2.c(482,1): error C4700: 초기화되지 않은 'health' 지역 변수를 사용했습니다.
C:\Users\song\source\repos\C_Study\C_Study\Damagochi2.c(296,1): error C4700: 초기화되지 않은 'health' 지역 변수를 사용했습니다.
C:\Users\song\source\repos\C_Study\C_Study\Damagochi2.c(423,1): error C4700: 초기화되지 않은 'Maxhealth' 지역 변수를 사용했습니다.
C:\Users\song\source\repos\C_Study\C_Study\Damagochi2.c(483,1): error C4700: 초기화되지 않은 'mana' 지역 변수를 사용했습니다.
C:\Users\song\source\repos\C_Study\C_Study\Damagochi2.c(181,1): error C4700: 초기화되지 않은 'health' 지역 변수를 사용했습니다.
C:\Users\song\source\repos\C_Study\C_Study\Damagochi2.c(304,1): error C4700: 초기화되지 않은 'gochiattack' 지역 변수를 사용했습니다.
C:\Users\song\source\repos\C_Study\C_Study\Damagochi2.c(432,1): error C4700: 초기화되지 않은 'gochiattack' 지역 변수를 사용했습니다.
C:\Users\song\source\repos\C_Study\C_Study\Damagochi2.c(484,1): error C4700: 초기화되지 않은 'hungry' 지역 변수를 사용했습니다.
C:\Users\song\source\repos\C_Study\C_Study\Damagochi2.c(188,1): error C4700: 초기화되지 않은 'gochiattack' 지역 변수를 사용했습니다.
C:\Users\song\source\repos\C_Study\C_Study\Damagochi2.c(315,1): error C4700: 초기화되지 않은 'exp' 지역 변수를 사용했습니다.
C:\Users\song\source\repos\C_Study\C_Study\Damagochi2.c(441,1): error C4700: 초기화되지 않은 'currentlevel' 지역 변수를 사용했습니다.
C:\Users\song\source\repos\C_Study\C_Study\Damagochi2.c(524,1): error C4700: 초기화되지 않은 'exp' 지역 변수를 사용했습니다.
C:\Users\song\source\repos\C_Study\C_Study\Damagochi2.c(485,1): error C4700: 초기화되지 않은 'poo' 지역 변수를 사용했습니다.
C:\Users\song\source\repos\C_Study\C_Study\Damagochi2.c(317,1): error C4700: 초기화되지 않은 'rewardgold' 지역 변수를 사용했습니다.
C:\Users\song\source\repos\C_Study\C_Study\Damagochi2.c(266,1): error C4700: 초기화되지 않은 'stress' 지역 변수를 사용했습니다.
C:\Users\song\source\repos\C_Study\C_Study\Damagochi2.c(524,1): error C4700: 초기화되지 않은 'currentlevel' 지역 변수를 사용했습니다.
C:\Users\song\source\repos\C_Study\C_Study\Damagochi2.c(486,1): error C4700: 초기화되지 않은 'stress' 지역 변수를 사용했습니다.
C:\Users\song\source\repos\C_Study\C_Study\Damagochi2.c(319,1): error C4700: 초기화되지 않은 'stress' 지역 변수를 사용했습니다.
C:\Users\song\source\repos\C_Study\C_Study\Damagochi2.c(528,1): error C4700: 초기화되지 않은 'gochiattack' 지역 변수를 사용했습니다.
C:\Users\song\source\repos\C_Study\C_Study\Damagochi2.c(546,1): error C4700: 초기화되지 않은 'poo' 지역 변수를 사용했습니다.
C:\Users\song\source\repos\C_Study\C_Study\Damagochi2.c(487,1): error C4700: 초기화되지 않은 'exp' 지역 변수를 사용했습니다.
C:\Users\song\source\repos\C_Study\C_Study\Damagochi2.c(333,1): error C4700: 초기화되지 않은 'gochiattack' 지역 변수를 사용했습니다.
C:\Users\song\source\repos\C_Study\C_Study\Damagochi2.c(546,1): error C4700: 초기화되지 않은 'stress' 지역 변수를 사용했습니다.
C:\Users\song\source\repos\C_Study\C_Study\Damagochi2.c(488,1): error C4700: 초기화되지 않은 'rewardgold' 지역 변수를 사용했습니다.
C:\Users\song\source\repos\C_Study\C_Study\Damagochi2.c(346,1): error C4700: 초기화되지 않은 'exp' 지역 변수를 사용했습니다.
C:\Users\song\source\repos\C_Study\C_Study\Damagochi2.c(554,1): error C4700: 초기화되지 않은 'currentlevel' 지역 변수를 사용했습니다.
C:\Users\song\source\repos\C_Study\C_Study\Damagochi2.c(348,1): error C4700: 초기화되지 않은 'rewardgold' 지역 변수를 사용했습니다.
C:\Users\song\source\repos\C_Study\C_Study\Damagochi2.c(350,1): error C4700: 초기화되지 않은 'stress' 지역 변수를 사용했습니다.
C:\Users\song\source\repos\C_Study\C_Study\Damagochi2.c(562,1): error C4700: 초기화되지 않은 'health' 지역 변수를 사용했습니다.
C:\Users\song\source\repos\C_Study\C_Study\Damagochi2.c(361,1): error C4700: 초기화되지 않은 'stress' 지역 변수를 사용했습니다.
C:\Users\song\source\repos\C_Study\C_Study\Damagochi2.c(390,1): error C4700: 초기화되지 않은 'stress' 지역 변수를 사용했습니다.
